d:\vsproject\baqtherenew\baqtherenew\x64\debug\baqtherenew.pch
d:\vsproject\baqtherenew\baqtherenew\x64\debug\vc140.pdb
d:\vsproject\baqtherenew\baqtherenew\x64\debug\stdafx.obj
d:\vsproject\baqtherenew\baqtherenew\x64\debug\config.obj
d:\vsproject\baqtherenew\baqtherenew\x64\debug\ceresba.obj
d:\vsproject\baqtherenew\baqtherenew\x64\debug\camera.obj
d:\vsproject\baqtherenew\baqtherenew\x64\debug\mycloud.obj
d:\vsproject\baqtherenew\baqtherenew\x64\debug\transformationcalculation.obj
d:\vsproject\baqtherenew\baqtherenew\x64\debug\balproblem.obj
d:\vsproject\baqtherenew\baqtherenew\x64\debug\command_args.obj
d:\vsproject\baqtherenew\baqtherenew\x64\debug\main.obj
d:\vsproject\baqtherenew\baqtherenew\x64\debug\ellipsedetection.obj
d:\vsproject\baqtherenew\x64\debug\baqtherenew.ilk
d:\vsproject\baqtherenew\x64\debug\baqtherenew.exe
d:\vsproject\baqtherenew\x64\debug\baqtherenew.pdb
d:\vsproject\baqtherenew33\baqtherenew\baqtherenew\x64\debug\balproblem.obj
d:\vsproject\baqtherenew33\baqtherenew\baqtherenew\x64\debug\camera.obj
d:\vsproject\baqtherenew33\baqtherenew\baqtherenew\x64\debug\ceresba.obj
d:\vsproject\baqtherenew33\baqtherenew\baqtherenew\x64\debug\command_args.obj
d:\vsproject\baqtherenew33\baqtherenew\baqtherenew\x64\debug\config.obj
d:\vsproject\baqtherenew33\baqtherenew\baqtherenew\x64\debug\ellipsedetection.obj
d:\vsproject\baqtherenew33\baqtherenew\baqtherenew\x64\debug\main.obj
d:\vsproject\baqtherenew33\baqtherenew\baqtherenew\x64\debug\mycloud.obj
d:\vsproject\baqtherenew33\baqtherenew\baqtherenew\x64\debug\stdafx.obj
d:\vsproject\baqtherenew33\baqtherenew\baqtherenew\x64\debug\transformationcalculation.obj
d:\vsproject\baqtherenew33\baqtherenew\baqtherenew\x64\debug\baqtherenew.pch
d:\vsproject\baqtherenew33\baqtherenew\baqtherenew\x64\debug\vc140.pdb
d:\vsproject\baqtherenew33\baqtherenew\x64\debug\baqtherenew.pdb
d:\vsproject\baqtherenew33\baqtherenew\x64\debug\baqtherenew.exe
d:\vsproject\baqtherenew33\baqtherenew\x64\debug\baqtherenew.ilk
d:\vsproject\baqtherenew33\baqtherenew\baqtherenew\x64\debug\baqtherenew.tlog\cl.command.1.tlog
d:\vsproject\baqtherenew33\baqtherenew\baqtherenew\x64\debug\baqtherenew.tlog\cl.read.1.tlog
d:\vsproject\baqtherenew33\baqtherenew\baqtherenew\x64\debug\baqtherenew.tlog\cl.write.1.tlog
d:\vsproject\baqtherenew33\baqtherenew\baqtherenew\x64\debug\baqtherenew.tlog\link.command.1.tlog
d:\vsproject\baqtherenew33\baqtherenew\baqtherenew\x64\debug\baqtherenew.tlog\link.read.1.tlog
d:\vsproject\baqtherenew33\baqtherenew\baqtherenew\x64\debug\baqtherenew.tlog\link.write.1.tlog
